<?xml version="1.0" encoding="UTF-8"?>
<!-- Generated by org.testng.reporters.JUnitXMLReporter -->
<testsuite ignored="2" hostname="Dharunya" failures="1" tests="1" name="Default test(failed)" time="0.07" errors="0" timestamp="2024-07-01T21:34:49 IST">
  <testcase classname="com.test.data.SampleOne" name="testOne" time="0.016">
    <failure type="java.lang.AssertionError" message="expected [true] but found [false]">
      <![CDATA[java.lang.AssertionError: expected [true] but found [false]
at com.test.data.SampleOne.testOne(SampleOne.java:15)
at java.base/java.util.ArrayList.forEach(ArrayList.java:1511)
... Removed 31 stack frames]]>
    </failure>
  </testcase> <!-- testOne -->
  <testcase classname="com.test.data.SampleOne" name="testTwo" time="0.0">
    <ignored/>
  </testcase> <!-- testTwo -->
  <testcase classname="com.test.data.SampleOne" name="test" time="0.0">
    <ignored/>
  </testcase> <!-- test -->
</testsuite> <!-- Default test(failed) -->
