<?xml version="1.0" encoding="UTF-8"?>
<!-- Generated by org.testng.reporters.JUnitXMLReporter -->
<testsuite ignored="0" hostname="Dharunya" failures="1" tests="3" name="Test" time="0.326" errors="0" timestamp="2024-07-13T15:11:32 IST">
  <testcase classname="com.test.database.LoggingClass" name="test" time="0.022"/>
  <testcase classname="com.test.database.LoggingClass" name="test1" time="0.002"/>
  <testcase classname="com.test.database.LoggingClass" name="test2" time="0.014">
    <failure type="java.lang.AssertionError" message="expected [true] but found [false]">
      <![CDATA[java.lang.AssertionError: expected [true] but found [false]
at com.test.database.LoggingClass.test2(LoggingClass.java:24)
at java.base/java.util.ArrayList.forEach(ArrayList.java:1511)
... Removed 31 stack frames]]>
    </failure>
  </testcase> <!-- test2 -->
</testsuite> <!-- Test -->
